0 info it worked if it ends with ok
1 verbose cli [ '/usr/bin/nodejs', '/usr/bin/npm', 'publish' ]
2 info using npm@3.10.10
3 info using node@v6.11.1
4 verbose publish [ '.' ]
5 silly cache add args [ '.', null ]
6 verbose cache add spec .
7 silly cache add parsed spec Result {
7 silly cache add   raw: '.',
7 silly cache add   scope: null,
7 silly cache add   escapedName: null,
7 silly cache add   name: null,
7 silly cache add   rawSpec: '.',
7 silly cache add   spec: '/home/sporiley/brainlife/ui-tractview',
7 silly cache add   type: 'directory' }
8 verbose addLocalDirectory /home/sporiley/.npm/ui-tractview/1.0.0/package.tgz not in flight; packing
9 verbose correctMkdir /home/sporiley/.npm correctMkdir not in flight; initializing
10 info lifecycle ui-tractview@1.0.0~prepublish: ui-tractview@1.0.0
11 silly lifecycle ui-tractview@1.0.0~prepublish: no script for prepublish, continuing
12 verbose tar pack [ '/home/sporiley/.npm/ui-tractview/1.0.0/package.tgz',
12 verbose tar pack   '/home/sporiley/brainlife/ui-tractview' ]
13 verbose tarball /home/sporiley/.npm/ui-tractview/1.0.0/package.tgz
14 verbose folder /home/sporiley/brainlife/ui-tractview
15 verbose addLocalTarball adding from inside cache /home/sporiley/.npm/ui-tractview/1.0.0/package.tgz
16 verbose correctMkdir /home/sporiley/.npm correctMkdir not in flight; initializing
17 silly cache afterAdd ui-tractview@1.0.0
18 verbose afterAdd /home/sporiley/.npm/ui-tractview/1.0.0/package/package.json not in flight; writing
19 verbose correctMkdir /home/sporiley/.npm correctMkdir not in flight; initializing
20 verbose afterAdd /home/sporiley/.npm/ui-tractview/1.0.0/package/package.json written
21 silly publish { name: 'ui-tractview',
21 silly publish   version: '1.0.0',
21 silly publish   description: 'tracts viewer',
21 silly publish   main: 'undefined',
21 silly publish   scripts:
21 silly publish    { test: 'echo "Error: no test specified" && exit 1',
21 silly publish      dev: 'lite-server' },
21 silly publish   repository:
21 silly publish    { type: 'git',
21 silly publish      url: 'git+https://github.com/brain-life/ui-tractview.git' },
21 silly publish   author: '',
21 silly publish   license: 'ISC',
21 silly publish   bugs: { url: 'https://github.com/brain-life/ui-tractview/issues' },
21 silly publish   homepage: 'https://github.com/brain-life/ui-tractview#readme',
21 silly publish   dependencies: { bootstrap: '^3.3.7', jquery: '^3.2.1', three: '^0.86.0' },
21 silly publish   readme: '# ui-tractview\nHTML5 Tract Viewer - used to visualize output from AFQ\n',
21 silly publish   readmeFilename: 'README.md',
21 silly publish   gitHead: '91dbe632a1eadd3f3af5edd86664f4397fe8d088',
21 silly publish   _id: 'ui-tractview@1.0.0',
21 silly publish   _shasum: 'f9cc27129c029ce6d39bb94908308908f53019cf',
21 silly publish   _from: '.' }
22 verbose getPublishConfig undefined
23 silly mapToRegistry name ui-tractview
24 silly mapToRegistry using default registry
25 silly mapToRegistry registry https://registry.npmjs.org/
26 silly mapToRegistry data Result {
26 silly mapToRegistry   raw: 'ui-tractview',
26 silly mapToRegistry   scope: null,
26 silly mapToRegistry   escapedName: 'ui-tractview',
26 silly mapToRegistry   name: 'ui-tractview',
26 silly mapToRegistry   rawSpec: '',
26 silly mapToRegistry   spec: 'latest',
26 silly mapToRegistry   type: 'tag' }
27 silly mapToRegistry uri https://registry.npmjs.org/ui-tractview
28 verbose publish registryBase https://registry.npmjs.org/
29 silly publish uploading /home/sporiley/.npm/ui-tractview/1.0.0/package.tgz
30 verbose request uri https://registry.npmjs.org/ui-tractview
31 verbose request sending authorization for write operation
32 info attempt registry request try #1 at 12:42:55 PM
33 verbose request using bearer token for auth
34 verbose request id 8d55298ae5c70151
35 http request PUT https://registry.npmjs.org/ui-tractview
36 http 403 https://registry.npmjs.org/ui-tractview
37 verbose headers { 'content-type': 'application/json',
37 verbose headers   'cache-control': 'max-age=300',
37 verbose headers   'content-length': '95',
37 verbose headers   'accept-ranges': 'bytes',
37 verbose headers   date: 'Wed, 09 Aug 2017 16:42:57 GMT',
37 verbose headers   via: '1.1 varnish',
37 verbose headers   connection: 'keep-alive',
37 verbose headers   'x-served-by': 'cache-ord1732-ORD',
37 verbose headers   'x-cache': 'MISS',
37 verbose headers   'x-cache-hits': '0',
37 verbose headers   'x-timer': 'S1502296976.014789,VS0,VE1225',
37 verbose headers   vary: 'Accept-Encoding, Accept' }
38 verbose request invalidating /home/sporiley/.npm/registry.npmjs.org/ui-tractview on PUT
39 error publish Failed PUT 403
40 verbose stack Error: "You cannot publish over the previously published version 1.0.0." : ui-tractview
40 verbose stack     at makeError (/usr/lib/node_modules/npm/node_modules/npm-registry-client/lib/request.js:302:12)
40 verbose stack     at CachingRegistryClient.<anonymous> (/usr/lib/node_modules/npm/node_modules/npm-registry-client/lib/request.js:290:14)
40 verbose stack     at Request._callback (/usr/lib/node_modules/npm/node_modules/npm-registry-client/lib/request.js:210:14)
40 verbose stack     at Request.self.callback (/usr/lib/node_modules/npm/node_modules/request/request.js:187:22)
40 verbose stack     at emitTwo (events.js:106:13)
40 verbose stack     at Request.emit (events.js:191:7)
40 verbose stack     at Request.<anonymous> (/usr/lib/node_modules/npm/node_modules/request/request.js:1048:10)
40 verbose stack     at emitOne (events.js:96:13)
40 verbose stack     at Request.emit (events.js:188:7)
40 verbose stack     at IncomingMessage.<anonymous> (/usr/lib/node_modules/npm/node_modules/request/request.js:969:12)
41 verbose statusCode 403
42 verbose pkgid ui-tractview
43 verbose cwd /home/sporiley/brainlife/ui-tractview
44 error Linux 4.4.0-87-generic
45 error argv "/usr/bin/nodejs" "/usr/bin/npm" "publish"
46 error node v6.11.1
47 error npm  v3.10.10
48 error code E403
49 error "You cannot publish over the previously published version 1.0.0." : ui-tractview
50 error If you need help, you may report this error at:
50 error     <https://github.com/npm/npm/issues>
51 verbose exit [ 1, true ]
